0 info it worked if it ends with ok
1 verbose cli [ 'node', '/usr/local/bin/npm', 'install', 'async' ]
2 info using npm@1.4.28
3 info using node@v0.10.36
4 warn package.json Iceberry-player@ No repository field.
5 warn package.json express-cors@0.0.3 No repository field.
6 warn package.json radio-stream@0.0.1 No repository field.
7 verbose readDependencies using package.json deps
8 verbose cache add [ 'async', null ]
9 verbose cache add name=undefined spec="async" args=["async",null]
10 verbose parsed url { protocol: null,
10 verbose parsed url   slashes: null,
10 verbose parsed url   auth: null,
10 verbose parsed url   host: null,
10 verbose parsed url   port: null,
10 verbose parsed url   hostname: null,
10 verbose parsed url   hash: null,
10 verbose parsed url   search: null,
10 verbose parsed url   query: null,
10 verbose parsed url   pathname: 'async',
10 verbose parsed url   path: 'async',
10 verbose parsed url   href: 'async' }
11 silly lockFile b7e04b33-async async
12 verbose lock async /Users/rmanoh004c/.npm/b7e04b33-async.lock
13 silly lockFile b7e04b33-async async
14 silly lockFile b7e04b33-async async
15 verbose addNamed [ 'async', '' ]
16 verbose addNamed [ null, '*' ]
17 silly lockFile f9113900-async async@
18 verbose lock async@ /Users/rmanoh004c/.npm/f9113900-async.lock
19 silly addNameRange { name: 'async', range: '*', hasData: false }
20 verbose request where is /async
21 verbose request registry https://registry.npmjs.org/
22 verbose request id 268c8d7d965c4f84
23 verbose url raw /async
24 verbose url resolving [ 'https://registry.npmjs.org/', './async' ]
25 verbose url resolved https://registry.npmjs.org/async
26 verbose request where is https://registry.npmjs.org/async
27 info trying registry request attempt 1 at 14:46:42
28 verbose etag "EX9TO4D21U6C97BSPS7IYFEL0"
29 http GET https://registry.npmjs.org/async
30 http 200 https://registry.npmjs.org/async
31 silly registry.get cb [ 200,
31 silly registry.get   { server: 'CouchDB/1.5.0 (Erlang OTP/R16B03)',
31 silly registry.get     etag: '"217JFC5BUHM3N69JFCGXURKLX"',
31 silly registry.get     'content-type': 'application/json',
31 silly registry.get     'cache-control': 'max-age=60',
31 silly registry.get     'content-length': '123201',
31 silly registry.get     'accept-ranges': 'bytes',
31 silly registry.get     date: 'Wed, 22 Jul 2015 18:46:42 GMT',
31 silly registry.get     via: '1.1 varnish',
31 silly registry.get     age: '25',
31 silly registry.get     connection: 'keep-alive',
31 silly registry.get     'x-served-by': 'cache-iad2136-IAD',
31 silly registry.get     'x-cache': 'HIT',
31 silly registry.get     'x-cache-hits': '2',
31 silly registry.get     'x-timer': 'S1437590802.251765,VS0,VE0',
31 silly registry.get     vary: 'Accept' } ]
32 silly addNameRange number 2 { name: 'async', range: '*', hasData: true }
33 silly addNameRange versions [ 'async',
33 silly addNameRange   [ '0.1.0',
33 silly addNameRange     '0.1.1',
33 silly addNameRange     '0.1.2',
33 silly addNameRange     '0.1.3',
33 silly addNameRange     '0.1.4',
33 silly addNameRange     '0.1.5',
33 silly addNameRange     '0.1.6',
33 silly addNameRange     '0.1.7',
33 silly addNameRange     '0.1.8',
33 silly addNameRange     '0.1.9',
33 silly addNameRange     '0.1.10',
33 silly addNameRange     '0.1.11',
33 silly addNameRange     '0.1.12',
33 silly addNameRange     '0.1.13',
33 silly addNameRange     '0.1.14',
33 silly addNameRange     '0.1.15',
33 silly addNameRange     '0.1.16',
33 silly addNameRange     '0.1.17',
33 silly addNameRange     '0.1.18',
33 silly addNameRange     '0.1.19',
33 silly addNameRange     '0.1.20',
33 silly addNameRange     '0.1.21',
33 silly addNameRange     '0.1.22',
33 silly addNameRange     '0.2.0',
33 silly addNameRange     '0.2.1',
33 silly addNameRange     '0.2.2',
33 silly addNameRange     '0.2.3',
33 silly addNameRange     '0.2.4',
33 silly addNameRange     '0.2.5',
33 silly addNameRange     '0.2.6',
33 silly addNameRange     '0.2.7',
33 silly addNameRange     '0.2.8',
33 silly addNameRange     '0.2.9',
33 silly addNameRange     '0.2.10',
33 silly addNameRange     '0.3.0',
33 silly addNameRange     '0.4.0',
33 silly addNameRange     '0.4.1',
33 silly addNameRange     '0.5.0',
33 silly addNameRange     '0.6.0',
33 silly addNameRange     '0.6.1',
33 silly addNameRange     '0.6.2',
33 silly addNameRange     '0.7.0',
33 silly addNameRange     '0.8.0',
33 silly addNameRange     '0.9.0',
33 silly addNameRange     '0.9.2',
33 silly addNameRange     '1.0.0',
33 silly addNameRange     '1.1.0',
33 silly addNameRange     '1.2.0',
33 silly addNameRange     '1.1.1',
33 silly addNameRange     '1.2.1',
33 silly addNameRange     '1.3.0',
33 silly addNameRange     '1.4.0' ] ]
34 verbose addNamed [ 'async', '1.4.0' ]
35 verbose addNamed [ '1.4.0', '1.4.0' ]
36 silly lockFile fe7886f3-async-1-4-0 async@1.4.0
37 verbose lock async@1.4.0 /Users/rmanoh004c/.npm/fe7886f3-async-1-4-0.lock
38 silly lockFile 8eef38f3--npmjs-org-async-async-1-4-0-tgz https://registry.npmjs.org/async/-/async-1.4.0.tgz
39 verbose lock https://registry.npmjs.org/async/-/async-1.4.0.tgz /Users/rmanoh004c/.npm/8eef38f3--npmjs-org-async-async-1-4-0-tgz.lock
40 verbose addRemoteTarball [ 'https://registry.npmjs.org/async/-/async-1.4.0.tgz',
40 verbose addRemoteTarball   '35f86f83c59e0421d099cd9a91d8278fb578c00d' ]
41 info retry fetch attempt 1 at 14:46:42
42 verbose fetch to= /var/folders/4q/z992g6h53352r9nj0sr3yqv4kzx549/T/npm-10800-qcPuRAMW/registry.npmjs.org/async/-/async-1.4.0.tgz
43 http GET https://registry.npmjs.org/async/-/async-1.4.0.tgz
44 http 200 https://registry.npmjs.org/async/-/async-1.4.0.tgz
45 silly lockFile 8eef38f3--npmjs-org-async-async-1-4-0-tgz https://registry.npmjs.org/async/-/async-1.4.0.tgz
46 silly lockFile 8eef38f3--npmjs-org-async-async-1-4-0-tgz https://registry.npmjs.org/async/-/async-1.4.0.tgz
47 silly lockFile fe7886f3-async-1-4-0 async@1.4.0
48 silly lockFile fe7886f3-async-1-4-0 async@1.4.0
49 silly lockFile f9113900-async async@
50 silly lockFile f9113900-async async@
51 error Error: EACCES, mkdir '/Users/rmanoh004c/.npm/async/1.4.0'
51 error  { [Error: EACCES, mkdir '/Users/rmanoh004c/.npm/async/1.4.0']
51 error   errno: 3,
51 error   code: 'EACCES',
51 error   path: '/Users/rmanoh004c/.npm/async/1.4.0',
51 error   parent: 'Iceberry-player' }
52 error Please try running this command again as root/Administrator.
53 error System Darwin 14.1.0
54 error command "node" "/usr/local/bin/npm" "install" "async"
55 error cwd /Users/rmanoh004c/Documents/work/raspi-radio
56 error node -v v0.10.36
57 error npm -v 1.4.28
58 error path /Users/rmanoh004c/.npm/async/1.4.0
59 error code EACCES
60 error errno 3
61 error stack Error: EACCES, mkdir '/Users/rmanoh004c/.npm/async/1.4.0'
62 verbose exit [ 3, true ]
